<?xml version="1.0" encoding="UTF-8"?>
<!-- Generated by org.testng.reporters.JUnitXMLReporter -->
<testsuite hostname="User" failures="0" tests="3" name="Default test" time="271.234" errors="0" timestamp="21 Apr 2020 14:20:10 GMT">
  <testcase classname="assignment.Validate_month_in_FB" name="validateAllContentTest" time="119.503"/>
  <testcase classname="assignment.Validate_month_in_FB" name="validateDuplicateTest" time="67.642"/>
  <testcase classname="assignment.Validate_month_in_FB" name="validateSortedTest" time="84.009"/>
</testsuite> <!-- Default test -->
