<?xml version="1.0" encoding="UTF-8"?>
<testng-results total="3" passed="3" failed="0" skipped="0">
  <reporter-output>
  </reporter-output>
  <suite started-at="2020-04-21T14:15:39Z" name="Default suite" finished-at="2020-04-21T14:20:10Z" duration-ms="271234">
    <groups>
    </groups>
    <test started-at="2020-04-21T14:15:39Z" name="Default test" finished-at="2020-04-21T14:20:10Z" duration-ms="271234">
      <class name="assignment.Validate_month_in_FB">
        <test-method signature="validateAllContentTest()[pri:0, instance:assignment.Validate_month_in_FB@20d3d15a]" started-at="2020-04-21T19:45:39Z" name="validateAllContentTest" finished-at="2020-04-21T19:47:39Z" duration-ms="119503" status="PASS">
          <reporter-output>
          </reporter-output>
        </test-method> <!-- validateAllContentTest -->
        <test-method signature="validateDuplicateTest()[pri:0, instance:assignment.Validate_month_in_FB@20d3d15a]" started-at="2020-04-21T19:47:39Z" name="validateDuplicateTest" finished-at="2020-04-21T19:48:46Z" duration-ms="67642" status="PASS">
          <reporter-output>
          </reporter-output>
        </test-method> <!-- validateDuplicateTest -->
        <test-method signature="validateSortedTest()[pri:0, instance:assignment.Validate_month_in_FB@20d3d15a]" started-at="2020-04-21T19:48:46Z" name="validateSortedTest" finished-at="2020-04-21T19:50:10Z" duration-ms="84009" status="PASS">
          <reporter-output>
          </reporter-output>
        </test-method> <!-- validateSortedTest -->
      </class> <!-- assignment.Validate_month_in_FB -->
    </test> <!-- Default test -->
  </suite> <!-- Default suite -->
</testng-results>
